<?xml version="1.0" encoding="UTF-8"?>
<testng-results ignored="0" total="1" passed="1" failed="0" skipped="0">
  <reporter-output>
  </reporter-output>
  <suite started-at="2022-11-15T00:24:13 CST" name="Default suite" finished-at="2022-11-15T00:24:17 CST" duration-ms="3454">
    <groups>
    </groups>
    <test started-at="2022-11-15T00:24:13 CST" name="Default test" finished-at="2022-11-15T00:24:17 CST" duration-ms="3454">
      <class name="TC002_POST_Request">
        <test-method signature="createdata()[pri:0, instance:TC002_POST_Request@455b6df1]" started-at="2022-11-15T00:24:13 CST" name="createdata" finished-at="2022-11-15T00:24:16 CST" duration-ms="3298" status="PASS">
          <reporter-output>
          </reporter-output>
        </test-method> <!-- createdata -->
      </class> <!-- TC002_POST_Request -->
    </test> <!-- Default test -->
  </suite> <!-- Default suite -->
</testng-results>
